<?xml version="1.0" encoding="UTF-8"?>
<!-- Generated by org.testng.reporters.JUnitReportReporter -->
<testsuite skipped="0" hostname="Lenovo" name="org.testng.SampleTest" tests="4" failures="0" timestamp="06 Dec 2021 13:51:11 GMT" time="0.063" errors="0">
  <testcase name="tcs33" time="0.015" classname="org.testng.SampleTest"/>
  <testcase name="tcs22" time="0.016" classname="org.testng.SampleTest"/>
  <testcase name="tcs44" time="0.016" classname="org.testng.SampleTest"/>
  <testcase name="tcs11" time="0.016" classname="org.testng.SampleTest"/>
</testsuite> <!-- org.testng.SampleTest -->
