<?xml version="1.0" encoding="UTF-8"?>
<!-- Generated by org.testng.reporters.JUnitReportReporter -->
<testsuite skipped="1" hostname="Lenovo" name="org.testng.Day2Priority" tests="6" failures="0" timestamp="06 Dec 2021 08:13:09 GMT" time="92.773" errors="0">
  <testcase name="tcs1" time="11.917" classname="org.testng.Day2Priority"/>
  <testcase name="tcs1" time="20.575" classname="org.testng.Day2Priority"/>
  <testcase name="tcs1" time="19.931" classname="org.testng.Day2Priority"/>
  <testcase name="tcs1" time="22.232" classname="org.testng.Day2Priority"/>
  <testcase name="tcs1" time="18.118" classname="org.testng.Day2Priority"/>
  <testcase name="tcs3" classname="org.testng.Day2Priority">
    <skipped/>
  </testcase> <!-- tcs3 -->
</testsuite> <!-- org.testng.Day2Priority -->
